26-11-2021 00:00:00.938 [Thread-284] INFO  o.s.o.j.LocalContainerEntityManagerFactoryBean.destroy - Closing JPA EntityManagerFactory for persistence unit 'default'
26-11-2021 00:00:00.941 [Thread-284] INFO  com.zaxxer.hikari.HikariDataSource.close - HikariPool-73 - Shutdown initiated...
26-11-2021 00:00:01.090 [Thread-284] INFO  com.zaxxer.hikari.HikariDataSource.close - HikariPool-73 - Shutdown completed.
26-11-2021 00:00:01.201 [restartedMain] INFO  c.t.TraningServiceApplication.logStarting - Starting TraningServiceApplication using Java 16.0.1 on LAPTOP-UNCG7R54 with PID 23564 (D:\MyProjects\sts\technical99\traningService\target\classes started by SHYAM in D:\MyProjects\sts\technical99\traningService)
26-11-2021 00:00:01.201 [restartedMain] INFO  c.t.TraningServiceApplication.logStartupProfileInfo - The following profiles are active: prod
26-11-2021 00:00:01.321 [restartedMain] INFO  o.s.d.r.c.RepositoryConfigurationDelegate.multipleStoresDetected - Multiple Spring Data modules found, entering strict repository configuration mode!
26-11-2021 00:00:01.321 [restartedMain] INFO  o.s.d.r.c.RepositoryConfigurationDelegate.registerRepositoriesIn - Bootstrapping Spring Data JPA repositories in DEFAULT mode.
26-11-2021 00:00:01.340 [restartedMain] INFO  o.s.d.r.c.RepositoryConfigurationDelegate.registerRepositoriesIn - Finished Spring Data repository scanning in 19 ms. Found 9 JPA repository interfaces.
26-11-2021 00:00:01.406 [restartedMain] INFO  o.s.b.w.e.tomcat.TomcatWebServer.initialize - Tomcat initialized with port(s): 9095 (http)
26-11-2021 00:00:01.407 [restartedMain] INFO  o.a.catalina.core.StandardService.log - Starting service [Tomcat]
26-11-2021 00:00:01.407 [restartedMain] INFO  o.a.catalina.core.StandardEngine.log - Starting Servlet engine: [Apache Tomcat/9.0.54]
26-11-2021 00:00:01.420 [restartedMain] INFO  o.a.c.c.C.[Tomcat-7].[localhost].[/].log - Initializing Spring embedded WebApplicationContext
26-11-2021 00:00:01.420 [restartedMain] INFO  o.s.b.w.s.c.ServletWebServerApplicationContext.prepareWebApplicationContext - Root WebApplicationContext: initialization completed in 217 ms
26-11-2021 00:00:01.429 [restartedMain] INFO  com.zaxxer.hikari.HikariDataSource.getConnection - HikariPool-74 - Starting...
26-11-2021 00:00:02.018 [restartedMain] INFO  com.zaxxer.hikari.HikariDataSource.getConnection - HikariPool-74 - Start completed.
26-11-2021 00:00:02.018 [restartedMain] INFO  o.s.b.a.h.H2ConsoleAutoConfiguration.lambda$h2Console$0 - H2 console available at '/h2-console'. Database available at 'jdbc:mariadb://64.227.185.247:3306/tech99_dev'
26-11-2021 00:00:02.046 [restartedMain] INFO  o.h.jpa.internal.util.LogHelper.logPersistenceUnitInformation - HHH000204: Processing PersistenceUnitInfo [name: default]
26-11-2021 00:00:02.049 [restartedMain] INFO  org.hibernate.dialect.Dialect.<init> - HHH000400: Using dialect: org.hibernate.dialect.MariaDB102Dialect
26-11-2021 00:00:02.222 [restartedMain] INFO  o.h.e.t.j.p.i.JtaPlatformInitiator.initiateService - HHH000490: Using JtaPlatform implementation: [org.hibernate.engine.transaction.jta.platform.internal.NoJtaPlatform]
26-11-2021 00:00:02.222 [restartedMain] INFO  o.s.o.j.LocalContainerEntityManagerFactoryBean.buildNativeEntityManagerFactory - Initialized JPA EntityManagerFactory for persistence unit 'default'
26-11-2021 00:00:02.607 [restartedMain] WARN  o.s.b.a.o.j.JpaBaseConfiguration$JpaWebConfiguration.openEntityManagerInViewInterceptor - spring.jpa.open-in-view is enabled by default. Therefore, database queries may be performed during view rendering. Explicitly configure spring.jpa.open-in-view to disable this warning
26-11-2021 00:00:03.069 [restartedMain] INFO  o.s.b.d.a.OptionalLiveReloadServer.startServer - LiveReload server is running on port 35729
26-11-2021 00:00:03.082 [restartedMain] INFO  o.s.b.w.e.tomcat.TomcatWebServer.start - Tomcat started on port(s): 9095 (http) with context path ''
26-11-2021 00:00:03.087 [restartedMain] INFO  c.t.TraningServiceApplication.logStarted - Started TraningServiceApplication in 1.904 seconds (JVM running for 5450.062)
26-11-2021 00:00:03.088 [restartedMain] INFO  o.s.b.d.a.ConditionEvaluationDeltaLoggingListener.onApplicationEvent - Condition evaluation unchanged
26-11-2021 00:00:03.100 [http-nio-9095-exec-1] INFO  o.a.c.c.C.[Tomcat-7].[localhost].[/].log - Initializing Spring DispatcherServlet 'dispatcherServlet'
26-11-2021 00:00:03.101 [http-nio-9095-exec-1] INFO  o.s.web.servlet.DispatcherServlet.initServletBean - Initializing Servlet 'dispatcherServlet'
26-11-2021 00:00:03.102 [http-nio-9095-exec-1] INFO  o.s.web.servlet.DispatcherServlet.initServletBean - Completed initialization in 1 ms
26-11-2021 00:00:26.156 [Thread-288] INFO  o.s.o.j.LocalContainerEntityManagerFactoryBean.destroy - Closing JPA EntityManagerFactory for persistence unit 'default'
26-11-2021 00:00:26.156 [Thread-288] INFO  com.zaxxer.hikari.HikariDataSource.close - HikariPool-74 - Shutdown initiated...
26-11-2021 00:00:26.301 [Thread-288] INFO  com.zaxxer.hikari.HikariDataSource.close - HikariPool-74 - Shutdown completed.
